TN:
SF:src/App.tsx
FN:5,App
FNF:1
FNH:1
FNDA:3,App
DA:1,1
DA:2,1
DA:3,1
DA:4,1
DA:5,3
DA:6,3
DA:7,3
DA:8,3
DA:9,3
DA:10,3
DA:11,3
DA:12,3
DA:13,3
DA:14,3
DA:15,3
DA:16,3
DA:17,3
DA:18,3
DA:19,3
DA:20,3
DA:21,3
DA:22,3
DA:23,3
DA:24,3
DA:25,1
DA:26,1
LF:26
LH:26
BRDA:5,0,0,3
BRF:1
BRH:1
end_of_record
TN:
SF:src/components/Input/Input.tsx
FN:9,Input
FNF:1
FNH:1
FNDA:3,Input
DA:1,1
DA:2,1
DA:3,1
DA:4,1
DA:5,1
DA:6,1
DA:7,1
DA:8,1
DA:9,1
DA:10,3
DA:11,3
DA:12,3
DA:13,3
DA:14,3
DA:15,3
DA:16,3
DA:17,3
LF:17
LH:17
BRDA:9,0,0,3
BRDA:14,1,0,0
BRF:2
BRH:1
end_of_record
TN:
SF:src/hooks/useCounter.tsx
FN:3,useCounter
FNF:1
FNH:1
FNDA:3,useCounter
DA:1,1
DA:2,1
DA:3,1
DA:4,3
DA:5,3
DA:6,3
DA:7,3
LF:7
LH:7
BRDA:3,0,0,3
BRDA:5,1,0,1
BRDA:5,2,0,1
BRF:3
BRH:3
end_of_record
TN:
SF:src/utils/test-utils.tsx
FN:10,customRender
FN:13,wrapper
FNF:2
FNH:2
FNDA:2,customRender
FNDA:2,wrapper
DA:1,1
DA:2,1
DA:3,1
DA:4,1
DA:5,1
DA:6,1
DA:7,2
DA:8,2
DA:9,1
DA:10,2
DA:11,2
DA:12,2
DA:13,2
DA:14,2
DA:15,2
DA:16,2
DA:17,1
DA:18,1
DA:19,1
DA:20,1
DA:21,1
LF:21
LH:21
BRDA:6,0,0,2
BRDA:10,1,0,2
BRDA:13,2,0,2
BRF:3
BRH:3
end_of_record
